
> prompt-tool@0.0.1 dev
> vite


  [32m[1mVITE[22m v5.4.11[39m  [2mready in [0m[1m1376[22m[2m[0m ms[22m

  [32m➜[39m  [1mLocal[22m:   [36mhttp://localhost:[1m3000[22m/[39m
[2m  [32m➜[39m  [1mNetwork[22m[2m: use [22m[1m--host[22m[2m to expose[22m
[2m[32m  ➜[39m[22m[2m  press [22m[1mh + enter[22m[2m to show help[22m
[2m21:45:05[22m [36m[1m[vite][22m[39m [32mhmr update [39m[2m/src/components/BlockCard.tsx[22m
[2m21:45:05[22m [36m[1m[vite][22m[39m [32mhmr update [39m[2m/src/components/BlockCard.tsx[22m
[2m21:45:52[22m [36m[1m[vite][22m[39m [32m✨ new dependencies optimized: [33m@mui/material/styles[32m[39m
[2m21:45:52[22m [36m[1m[vite][22m[39m [32m✨ optimized dependencies changed. reloading[39m
[2m21:47:48[22m [36m[1m[vite][22m[39m [32mhmr update [39m[2m/src/components/AddBlockModal.tsx[22m
[2m21:47:49[22m [36m[1m[vite][22m[39m [32mhmr update [39m[2m/src/components/EditBlockModal.tsx[22m
[2m21:47:49[22m [36m[1m[vite][22m[39m [32mhmr update [39m[2m/src/components/BlockCard.tsx[22m
[2m21:48:38[22m [36m[1m[vite][22m[39m [32mhmr update [39m[2m/src/components/BlockCard.tsx[22m
[2m21:48:59[22m [36m[1m[vite][22m[39m [32m✨ new dependencies optimized: [33m@mui/icons-material/Close[32m[39m
[2m21:48:59[22m [36m[1m[vite][22m[39m [32m✨ optimized dependencies changed. reloading[39m
[2m21:52:26[22m [36m[1m[vite][22m[39m [32mhmr update [39m[2m/src/components/BlockCard.tsx[22m
[2m21:55:53[22m [36m[1m[vite][22m[39m [32mhmr update [39m[2m/src/components/BlockCard.tsx[22m
[2m21:57:16[22m [36m[1m[vite][22m[39m [32mhmr update [39m[2m/src/components/BlockCard.tsx[22m
[2m22:00:39[22m [36m[1m[vite][22m[39m [32mhmr update [39m[2m/src/components/BlockCard.tsx[22m
[2m22:00:55[22m [36m[1m[vite][22m[39m [32mhmr update [39m[2m/src/components/BlockGrid.tsx[22m
[2m22:01:19[22m [36m[1m[vite][22m[39m [32m✨ new dependencies optimized: [33m@mui/icons-material/Visibility, @mui/icons-material/VisibilityOff[32m[39m
[2m22:01:19[22m [36m[1m[vite][22m[39m [32m✨ optimized dependencies changed. reloading[39m
[2m22:03:16[22m [36m[1m[vite][22m[39m [32mhmr update [39m[2m/src/components/BlockGrid.tsx[22m
[2m22:08:39[22m [36m[1m[vite][22m[39m [32mhmr update [39m[2m/src/components/BlockCard.tsx[22m
[2m22:08:52[22m [36m[1m[vite][22m[39m [32mhmr update [39m[2m/src/components/BlockGrid.tsx[22m
[2m22:10:52[22m [36m[1m[vite][22m[39m [32mhmr update [39m[2m/src/components/BlockCard.tsx[22m
[2m22:11:06[22m [36m[1m[vite][22m[39m [32mhmr update [39m[2m/src/components/BlockGrid.tsx[22m
[2m22:12:52[22m [36m[1m[vite][22m[39m [32mhmr update [39m[2m/src/components/BlockCard.tsx[22m
[2m22:15:52[22m [36m[1m[vite][22m[39m [32mhmr update [39m[2m/src/components/BlockGrid.tsx[22m
[2m22:16:14[22m [36m[1m[vite][22m[39m [32m✨ new dependencies optimized: [33m@mui/icons-material/Clear[32m[39m
[2m22:16:14[22m [36m[1m[vite][22m[39m [32m✨ optimized dependencies changed. reloading[39m
[2m22:18:45[22m [36m[1m[vite][22m[39m [32mhmr update [39m[2m/src/components/BlockGrid.tsx[22m
[2m22:19:46[22m [36m[1m[vite][22m[39m [32mhmr update [39m[2m/src/components/BlockGrid.tsx[22m
